C51 COMPILER V8.08   KEY                                                                   06/12/2010 03:20:44 PAGE 1   


C51 COMPILER V8.08, COMPILATION OF MODULE KEY
OBJECT MODULE PLACED IN key.OBJ
COMPILER INVOKED BY: C:\Keil\C51\BIN\C51.EXE key.c BROWSE DEBUG OBJECTEXTEND

line level    source

   1          #include <reg51.h>
   2          #include <stdio.h>
   3          char x,y,i;
   4          char aa[5];
   5          float z=12.5;
   6          main()
   7          {
   8   1         for (i=0;i<5;i++)
   9   1                 aa[i]=getkey();
  10   1                 printf("aa[]= %s\n",aa);
  11   1      //         printf("z= %f\n",z);
  12   1         while(1);
  13   1      }


MODULE INFORMATION:   STATIC OVERLAYABLE
   CODE SIZE        =     44    ----
   CONSTANT SIZE    =     10    ----
   XDATA SIZE       =   ----    ----
   PDATA SIZE       =   ----    ----
   DATA SIZE        =     12    ----
   IDATA SIZE       =   ----    ----
   BIT SIZE         =   ----    ----
END OF MODULE INFORMATION.


C51 COMPILATION COMPLETE.  0 WARNING(S),  0 ERROR(S)
