C51 COMPILER V9.50a   ADC                                                                  05/02/2017 17:49:41 PAGE 1   


C51 COMPILER V9.50a, COMPILATION OF MODULE ADC
OBJECT MODULE PLACED IN adc.OBJ
COMPILER INVOKED BY: C:\Keil\C51\BIN\C51.EXE adc.c BROWSE DEBUG OBJECTEXTEND TABS(2)

line level    source

   1            #include <reg515.h> 
   2          
   3          int mm;
   4          unsigned int T;
   5          unsigned char max,min,x;
   6          float fmax;
   7          
   8          unsigned char adc(void); //предопределение функции
   9          
  10          
  11            main()
  12            {  
  13   1        
  14   1                   max=0; min=0x70; P3=0x7F;
  15   1                while(INT0)    //ожидание INT0=P3.2pin==0
  16   1                        { adc();
  17   2                 if (P2>max) max=P2; 
  18   2                        if (P2<min) min=P2;
  19   2                         }           
  20   1                        mm=(max+min)/2; //среднее значение           
  21   1                        TMOD=1;
  22   1                        TH0=TL0=0;    
  23   1                        TR0=0;
  24   1                       while(adc()>=mm);  
  25   1                       while(adc()<=mm);        //ожидание L/H  средней линии
  26   1            TR0=1;
  27   1                  while(adc()>=mm);         //ожидание H/L  средней линии
  28   1                        TR0=0;
  29   1                        T=(TH0<<8)+TL0;
  30   1                fmax= max*5.0/0x100;
  31   1          while(1);  //динамический останов
  32   1        }
  33          
  34          unsigned char adc()
  35            { DAPR=0;       //запуск преобразования c опорным напряжением 5в
  36   1          while(BSY);  //задержка для завершения преобразования
  37   1         P2=ADDAT;  //чтение результата и подтверждение его в P3 для Анализатора
  38   1        return P2;  }
  39           


MODULE INFORMATION:   STATIC OVERLAYABLE
   CODE SIZE        =    185    ----
   CONSTANT SIZE    =   ----    ----
   XDATA SIZE       =   ----    ----
   PDATA SIZE       =   ----    ----
   DATA SIZE        =     11    ----
   IDATA SIZE       =   ----    ----
   BIT SIZE         =   ----    ----
END OF MODULE INFORMATION.


C51 COMPILATION COMPLETE.  0 WARNING(S),  0 ERROR(S)
