C51 COMPILER V8.16   KEYY                                                                  02/28/2016 22:33:39 PAGE 1   


C51 COMPILER V8.16, COMPILATION OF MODULE KEYY
OBJECT MODULE PLACED IN keyy.OBJ
COMPILER INVOKED BY: C:\Keil\C51\BIN\C51.EXE keyy.c BROWSE DEBUG OBJECTEXTEND

line level    source

   1          #include <reg51.h>
   2          
   3          unsigned char x,i,m;
   4          unsigned char w,digit;
   5          unsigned char code scancode[7]={0x77,0x7b,0x7d,0xde,0xdd,0xed,0};
   6          float numb;
   7          unsigned char mas[7];
   8          
   9          
  10          
  11          Delay(int t)   
  12            { while(t--); }
  13          char what(void); 
  14          
  15          scan( ) interrupt  2
  16          {   w=scancode[i];        
  17   1         Delay(100);                                                    
  18   1           what();        
  19   1            Delay(100); 
  20   1            }
  21          
  22          
  23          main ()
  24          {     x=0xFE;    
  25   1                numb=0;
  26   1                i=0;
  27   1            m=0; 
  28   1                IT1=1;
  29   1                EX1=1;
  30   1                EA=1;   
  31   1            while (digit!='e') Delay(100);
  32   1                while(1);
  33   1             
  34   1       }
  35          
  36          char what(void) 
  37          {         
  38   1           switch (w)       
  39   1                       {  case 0xe7: digit='0'; break; 
  40   2                              case 0x77: digit='1'; break;
  41   2                              case 0x7b: digit='2'; break;
  42   2                              case 0x7d: digit='3'; break;
  43   2                              case 0xdd: digit='9'; break;
  44   2                              case 0xde: digit=','; break;
  45   2                                  case 0xed: digit='e'; break;
  46   2                          case 0x7e: digit='-'; break;
  47   2                                      default: digit=0xff;            
  48   2                       }
  49   1       
  50   1        if(digit==',')                    
  51   1                { m=1;mas[i++]=digit;goto exit;}
  52   1        if(digit=='e')    
  53   1             { if(m)  numb=numb/m; 
  54   2                           i=0;m=0; goto exit; }
  55   1                                                    
C51 COMPILER V8.16   KEYY                                                                  02/28/2016 22:33:39 PAGE 2   

  56   1         else {mas[i++]=digit;numb=numb*10 + (digit&0xf);
  57   2                                  if(m) m*=10; } 
  58   1          exit: return digit;           
  59   1        }     
  60           


MODULE INFORMATION:   STATIC OVERLAYABLE
   CODE SIZE        =    360    ----
   CONSTANT SIZE    =      7    ----
   XDATA SIZE       =   ----    ----
   PDATA SIZE       =   ----    ----
   DATA SIZE        =     16    ----
   IDATA SIZE       =   ----    ----
   BIT SIZE         =   ----    ----
END OF MODULE INFORMATION.


C51 COMPILATION COMPLETE.  0 WARNING(S),  0 ERROR(S)
