C51 COMPILER V9.50a   KLAV4                                                                09/07/2017 14:36:22 PAGE 1   


C51 COMPILER V9.50a, COMPILATION OF MODULE KLAV4
OBJECT MODULE PLACED IN klav4.OBJ
COMPILER INVOKED BY: C:\Keil\C51\BIN\C51.EXE klav4.c BROWSE DEBUG OBJECTEXTEND TABS(2)

line level    source

   1          #include <reg51.h>
   2           char w,x,i,digit,mas[7],min;
   3           float numb,m;
   4          char code scancode[]={ 0x7b,0xdd,0xde,0x7d,0xb7,0x7e,0xe7 };     //-1,234 esc
   5          void Delay(int t)   
   6            { while(t--); }
   7          char what(void); 
   8          scan( ) interrupt  2
   9          {   Delay(100);  
  10   1       w=scancode[i];                                                     
  11   1        what();        
  12   1            Delay(100); 
  13   1            }
  14          
  15          main ()
  16          {     x=0xFE;    
  17   1             numb=0;
  18   1             i=0;
  19   1            m=0; 
  20   1            IT1= EX1=EA=1;
  21   1            while (digit!='e')  Delay(100);
  22   1           while(1);
  23   1       }
  24          char what(void) 
  25          {   switch (w)       
  26   1                       {  case 0x77: digit='0'; break; 
  27   2                           case 0x7b: digit='1'; break;
  28   2                           case 0x7d: digit='2'; break;
  29   2                          case 0x7e: digit='3'; break;
  30   2                          case 0xb7: digit='4'; break;
  31   2                          case 0xbb: digit='5'; break;
  32   2                          case 0xbd: digit='6'; break;
  33   2                          case 0xbe: digit='7'; break;
  34   2                         case 0xd7: digit='8'; break;
  35   2                          case 0xdb: digit='9'; break;
  36   2                          case 0xdd: digit='-'; break;
  37   2                          case 0xde: digit=','; break;
  38   2                         case 0xe7: digit='e'; break;
  39   2                          default: digit=0xff;    
  40   2                       }
  41   1      
  42   1        if(digit==',')                    
  43   1                { m=1;mas[i++]=digit; goto exit;} 
  44   1       if(digit=='-') {min=1;mas[i++]=digit;goto exit;}
  45   1      
  46   1      if(digit=='e') 
  47   1            { 
  48   2               if(m)  numb=numb/m;   i=0;m=0; 
  49   2                        if(min) numb=-numb;  goto exit;
  50   2                                              }             
  51   1         else {mas[i++]=digit;
  52   2                         numb=numb*10 + (digit&0xf);
  53   2                          if(m) m*=10; }   
  54   1                  exit: return digit; } 

C51 COMPILER V9.50a   KLAV4                                                                09/07/2017 14:36:22 PAGE 2   


MODULE INFORMATION:   STATIC OVERLAYABLE
   CODE SIZE        =    478    ----
   CONSTANT SIZE    =      7    ----
   XDATA SIZE       =   ----    ----
   PDATA SIZE       =   ----    ----
   DATA SIZE        =     20    ----
   IDATA SIZE       =   ----    ----
   BIT SIZE         =   ----    ----
END OF MODULE INFORMATION.


C51 COMPILATION COMPLETE.  0 WARNING(S),  0 ERROR(S)
