C51 COMPILER V9.50a   TIME                                                                 08/30/2017 19:13:51 PAGE 1   


C51 COMPILER V9.50a, COMPILATION OF MODULE TIME
OBJECT MODULE PLACED IN time.OBJ
COMPILER INVOKED BY: C:\Keil\C51\BIN\C51.EXE time.c BROWSE DEBUG OBJECTEXTEND TABS(2)

line level    source

   1          #include <reg51.h>
   2          
   3          unsigned    char sec,min;   
   4          unsigned   int count=0, time;
   5          intt0() interrupt 1  //счетчик  
   6          { P2=0; 
   7   1        TH0=  (-5000)>>8;
   8   1        TL0=  (-5000);
   9   1        count++;  //счетчик переполнений
  10   1        time+=10;
  11   1        if(count==200 ) {sec++;count=0;} 
  12   1        if(sec== 60 ){min++; sec=0;}
  13   1        P2=0x7f; 
  14   1         }
  15          main()
  16          { 
  17   1        TMOD=1;  //16- бит таймер Tm0     
  18   1        ET0=1;       //маска TF0
  19   1        TR0=1;      //разрешение счета Tm0
  20   1        EA=1;       //разрешение прерываний
  21   1        while(1)    
  22   1          { P1=sec;
  23   2            //P2=min;
  24   2           }
  25   1      }


MODULE INFORMATION:   STATIC OVERLAYABLE
   CODE SIZE        =     78    ----
   CONSTANT SIZE    =   ----    ----
   XDATA SIZE       =   ----    ----
   PDATA SIZE       =   ----    ----
   DATA SIZE        =      6    ----
   IDATA SIZE       =   ----    ----
   BIT SIZE         =   ----    ----
END OF MODULE INFORMATION.


C51 COMPILATION COMPLETE.  0 WARNING(S),  0 ERROR(S)
