Нетерминалы:
1:<F>
2:<A>
3:<B>

Терминалы:
101:"c"
102:"b"

Правила:
1::=2,3,
2::=101,
3::=102,

Соответствие терминалов и нетерминалов...
столбцам матриц:
<F>;<A>;<B>;"c";"b";
строкам матриц:
<F>
<A>
<B>
"c"
"b"


FIRST:
0;1;0;0;0;
0;0;0;1;0;
0;0;0;0;1;
0;0;0;0;0;
0;0;0;0;0;

FIRST+:
0;1;0;1;0;
0;0;0;1;0;
0;0;0;0;1;
0;0;0;0;0;
0;0;0;0;0;

LAST:
0;0;1;0;0;
0;0;0;1;0;
0;0;0;0;1;
0;0;0;0;0;
0;0;0;0;0;

LAST+:
0;0;1;0;1;
0;0;0;1;0;
0;0;0;0;1;
0;0;0;0;0;
0;0;0;0;0;

WITHIN:
0;1;1;0;0;
0;0;0;1;0;
0;0;0;0;1;
0;0;0;0;0;
0;0;0;0;0;

WITHIN+:
0;1;1;1;1;
0;0;0;1;0;
0;0;0;0;1;
0;0;0;0;0;
0;0;0;0;0;

Матрица для отношения =
0;0;0;0;0;
0;0;1;0;0;
0;0;0;0;0;
0;0;0;0;0;
0;0;0;0;0;

Матрица для отношения <
0;0;0;0;0;
0;0;0;0;1;
0;0;0;0;0;
0;0;0;0;0;
0;0;0;0;0;

Матрица для отношения >
0;0;0;0;0;
0;0;0;0;0;
0;0;0;0;0;
0;0;1;0;1;
0;0;0;0;0;

Матрица предшествования:
 ; ; ; ; ;
 ; ;=; ;<;
 ; ; ; ; ;
 ; ;>; ;>;
 ; ; ; ; ;
