C51 COMPILER V8.08   PWM                                                                   05/31/2016 12:25:19 PAGE 1   


C51 COMPILER V8.08, COMPILATION OF MODULE PWM
OBJECT MODULE PLACED IN pwm.OBJ
COMPILER INVOKED BY: C:\Keil51\C51\BIN\C51.EXE pwm.c BROWSE DEBUG OBJECTEXTEND

line level    source

   1          
   2          #include <reg51.h>
   3          
   4          char d[5];   //массив битов-символов
   5           char count;
   6          int period; 
   7          
   8          intt0() interrupt 0    
   9          {   TR0=0; TR1=0;  
  10   1                 period= (TH1<<8)| TL1;
  11   1            if(TL0 <110)  //S0=3 ' D=300/3=100
  12   1                      d[count] = '0';
  13   1               else d[count] = '1';
  14   1                              count++;
  15   1                        if (count==4)  count=0;  
  16   1             TL1=0; TH1=0; TL0=0; TH0=0;
  17   1                 TR0=1; TR1=1;
  18   1      }
  19          
  20          main(){ P3=0x3F;
  21   1              count = 0;
  22   1                      TMOD = 0x019; //таймер 0 в режиме Gate
  23   1              IT0 = 1;
  24   1                      EX0=1; 
  25   1                  EA = 1;
  26   1                      TL1=0; TH1=0; TL0=0; TH0=0;
  27   1                      //TR0 = 1;
  28   1                      //TR1=1;                        
  29   1                      while(1);
  30   1                      }


MODULE INFORMATION:   STATIC OVERLAYABLE
   CODE SIZE        =    110    ----
   CONSTANT SIZE    =   ----    ----
   XDATA SIZE       =   ----    ----
   PDATA SIZE       =   ----    ----
   DATA SIZE        =      8    ----
   IDATA SIZE       =   ----    ----
   BIT SIZE         =   ----    ----
END OF MODULE INFORMATION.


C51 COMPILATION COMPLETE.  0 WARNING(S),  0 ERROR(S)
