A51 MACRO ASSEMBLER  DIV                                                                  10/20/2016 17:13:17 PAGE     1


MACRO ASSEMBLER A51 V8.02c
OBJECT MODULE PLACED IN div.OBJ
ASSEMBLER INVOKED BY: C:\Keil\C51\BIN\A51.EXE div.a SET(SMALL) DEBUG EP

LOC  OBJ            LINE     SOURCE

                       1     
                       2     
                       3     
                       4     
                       5     
                       6            ;делимое  A.B
  REG                  7           S equ R1     ;делитель 
                       8                                ;B частное делимое
  REG                  9               i equ R0
                      10     
----                  11         cseg at 0
0000 E580             12               mov A,P0 ;делимое-старший байт
0002 8590F0           13               mov B,P1 ;делимое.частное
0005 A9A0             14               mov S,P2  ;делитель 
0007 99               15               subb A,S        ;     if(A>=S) {OV=1; goto out;}
0008 4004             16               jc sta                  ;пробное вычитание
000A D2D2             17               setb ov
000C 8019             18               jmp out
000E                  19      sta: 
000E 780A             20           mov i,#10 
0010 29               21      m1:  add a,S  ;восстановление остатка
0011 C3               22           clr c  
0012 D802             23     cikl: djnz i,m2 ;for (i=0 ; i<8; i++ )
0014 8011             24           jmp out
0016                  25     m2:   
0016 C5F0             26            xch a,B
0018 33               27           rlc A        ;A= (((A<<1)-S)>=0) ? (A<<1)-S +1 : B<<1 ;   
0019 C5F0             28           xch a,B       
001B 33               29               rlc a
001C 92D5             30               mov F0,C
001E 99               31               subb a,S              ;первая цифра
001F 20D5F0           32               jb F0,cikl
0022 40EC             33                     jc m1
0024 D3               34                setb c
0025 80EB             35                jmp cikl
0027                  36     out:
0027 85F0B0           37            mov P3,B  ; P3=B;частное 
002A 80FE             38                sjmp $                                       
                      39            end
                               
A51 MACRO ASSEMBLER  DIV                                                                  10/20/2016 17:13:17 PAGE     2

SYMBOL TABLE LISTING
------ ----- -------


N A M E             T Y P E  V A L U E   ATTRIBUTES

B. . . . . . . . .  D ADDR   00F0H   A   
CIKL . . . . . . .  C ADDR   0012H   A   
F0 . . . . . . . .  B ADDR   00D0H.5 A   
I. . . . . . . . .    REG    R0          
M1 . . . . . . . .  C ADDR   0010H   A   
M2 . . . . . . . .  C ADDR   0016H   A   
OUT. . . . . . . .  C ADDR   0027H   A   
OV . . . . . . . .  B ADDR   00D0H.2 A   
P0 . . . . . . . .  D ADDR   0080H   A   
P1 . . . . . . . .  D ADDR   0090H   A   
P2 . . . . . . . .  D ADDR   00A0H   A   
P3 . . . . . . . .  D ADDR   00B0H   A   
S. . . . . . . . .    REG    R1          
STA. . . . . . . .  C ADDR   000EH   A   


REGISTER BANK(S) USED: 0 


ASSEMBLY COMPLETE.  0 WARNING(S), 0 ERROR(S)
