C51 COMPILER V9.54   IRAPOIN                                                               11/23/2016 16:33:22 PAGE 1   


C51 COMPILER V9.54, COMPILATION OF MODULE IRAPOIN
OBJECT MODULE PLACED IN irapoin.OBJ
COMPILER INVOKED BY: C:\Keil\C51\BIN\C51.EXE irapoin.c BROWSE DEBUG OBJECTEXTEND

line level    source

*** WARNING C500 IN LINE 1 OF irapoin.c: LICENSE ERROR (R207(2): REGISTRY READ ERROR)

   1            
   2            
   3             #include  <reg51.h>
   4          unsigned char x,i; //переменная в Data
   5          char code * y="125";  //указатель на текстовую константу, имя переменной 
   6          char xdata  * yy;       //указатель текстовой  переменной
   7          main()
   8                  {   for (i=0; i<3; i++) 
   9   1                      x=x*10+(*y++&0x0f);                          
  10   1                      for (i=7;i>=0; i--)
  11   1                           {  *yy++= (x&0x01) ? '1' : '0';
  12   2                                      x=x>>1;
  13   2                                   }
  14   1                         }
*** WARNING C290 IN LINE 14 OF irapoin.c: missing return value


MODULE INFORMATION:   STATIC OVERLAYABLE
   CODE SIZE        =     86    ----
   CONSTANT SIZE    =      4    ----
   XDATA SIZE       =   ----    ----
   PDATA SIZE       =   ----    ----
   DATA SIZE        =      6    ----
   IDATA SIZE       =   ----    ----
   BIT SIZE         =   ----    ----
END OF MODULE INFORMATION.


C51 COMPILATION COMPLETE.  2 WARNING(S),  0 ERROR(S)
