C51 COMPILER V9.51   SIN2                                                                  11/21/2016 12:12:41 PAGE 1   


C51 COMPILER V9.51, COMPILATION OF MODULE SIN2
OBJECT MODULE PLACED IN sin2.OBJ
COMPILER INVOKED BY: D:\mcs51\C51\BIN\C51.EXE sin2.c BROWSE DEBUG OBJECTEXTEND TABS(2)

line level    source

   1          #include <reg51.h>
   2          typedef unsigned char uchar;
   3              uchar x,y,S,m;
   4            uchar Si(uchar ai)
   5            { return S=m-((((y*ai)>>8)*S)>>8) ;}
   6            //             m  m   
   7            main()
   8            { m=0xff;
   9   1        while(1)
  10   1         for(x=0;x<m;x++)
  11   1           { y=(x*x)>>8;S=m;
  12   2            S=Si(6);
  13   2           S=Si(13);
  14   2           S=Si(40);
  15   2           P2=(S*x)>>8;}}


MODULE INFORMATION:   STATIC OVERLAYABLE
   CODE SIZE        =     89    ----
   CONSTANT SIZE    =   ----    ----
   XDATA SIZE       =   ----    ----
   PDATA SIZE       =   ----    ----
   DATA SIZE        =      4    ----
   IDATA SIZE       =   ----    ----
   BIT SIZE         =   ----    ----
END OF MODULE INFORMATION.


C51 COMPILATION COMPLETE.  0 WARNING(S),  0 ERROR(S)
