C51 COMPILER V9.51   RTX_EX2                                                               01/29/2017 21:57:00 PAGE 1   


C51 COMPILER V9.51, COMPILATION OF MODULE RTX_EX2
OBJECT MODULE PLACED IN RTX_EX2.OBJ
COMPILER INVOKED BY: D:\mcs51\C51\BIN\C51.EXE RTX_EX2.C BROWSE DEBUG OBJECTEXTEND TABS(2)

line level    source

   1          
   2          
   3          #include <rtx51tny.h>                 
   4          #include <reg51.h>
   5          
   6          char counter0;                        
   7          char counter1;                        
   8          char counter2;                        
   9          char counter3;                        
  10          
  11          job0 () _task_ 0  {                  
  12   1        os_create_task (1);            
  13   1        os_create_task (2);            
  14   1        os_create_task (3); 
  15   1        
  16   1        while (1)                         
  17   1          // os_wait (K_TMO, 1, 0);      
  18   1         counter0+=0x10;
  19   1        
  20   1      }  
  21          
  22          job1 () _task_ 1  {
  23   1        while (1)               
  24   1          // os_wait (K_TMO, 1, 0);           
  25   1         counter1+=0x10;          
  26   1      }
  27          
  28          job2 () _task_ 2  {
  29   1        while (1)  {                   
  30   2        counter2+=0x10;
  31   2          if (counter2 == 0)    
  32   2            os_send_signal (3);        
  33   2        }
  34   1      }
  35          
  36          job3 () _task_ 3  {
  37   1        while (1)  {            
  38   2          counter3+=0x10; 
  39   2         os_wait (K_SIG, 1, 0);                       
  40   2        }
  41   1      }


MODULE INFORMATION:   STATIC OVERLAYABLE
   CODE SIZE        =     64    ----
   CONSTANT SIZE    =   ----    ----
   XDATA SIZE       =   ----    ----
   PDATA SIZE       =   ----    ----
   DATA SIZE        =      4    ----
   IDATA SIZE       =   ----    ----
   BIT SIZE         =   ----    ----
END OF MODULE INFORMATION.


C51 COMPILATION COMPLETE.  0 WARNING(S),  0 ERROR(S)
