», молодой человек с волосами, зализанными назад, учит жизни молоденькую блондинку.
 Я уже легла на каталку, и дяденька в хирургической маске повез меня по коридору.
 Этот новый день, он такой солнечный, такой светлый, что наши длинные тени ложатся на сцену у нас за спиной.
 Эти старые фильмы, они как деньги в банке.
 Эти программы, типа «Проснись и пой, Фарго» или «Новый день в Седоне», они уже вымирают.
 Эти люди, которые сейчас спят у себя в постелях, они будут спать еще час, потом встанут; умоются, сполоснут у себя подмышками и между ног и пойдут на ту же работу, на которую ходят каждый божий день.
 Эти деньги послужат гарантией блестящего будущего вашей компании.
 Чтобы показать всем и каждому, что тут живут люди с деньгами, и деньги были у них всегда.
 Чтобы показать всем и каждому, что тут живут люди с деньгами, и деньги были у них всегда.
 Что так «прибило» молоденького парнишку, которому только недавно исполнилось двадцать и которого ждало блестящее будущее.
 Четвертый заглядывает к Лентил в сумочку, разгребает бумажные деньги, но кроме них в сумочке нет ничего.
 Целый день на ногах, а по вечерам — одинокий гостиничный номер.
 Хранят деньги на оффшорных счетах и в депозитных сейфах швейцарских банков.
 Уселся на заднем сиденье, держа на коленях Риски, их бостонского терьера.
аешь кудрявый рыжий парик, приклеиваешь накладные ресницы, открываешь рот под фонограмму Бетт Мидлер на Окружной ярмарке и родео в Колларисе и даешь людям возможность ударить тебя по лицу — десять баксов за один удар, — и так можно сделать вполне неплохие деньги.
 Трейси, Евина будущая бывшая мачеха, сидевшая на пассажирском сиденье впереди, сказала:  — Эй, ребята, послушайте, что тут пишут… Трейси помахала правительственной брошюркой под названием «Эмигрировать — это здорово».
 Трахал ее на задних сиденьях автомобилей, в ваннах и душевых, клялся ей в вечной любви.
 Точно так же, как в детстве, когда ты лежишь вверх тормашками на диване — ноги задраны на подушки, спина лежит на сиденье, а запрокинутая голова свешивается с края, — знакомая комната вдруг превращается в странное, неизвестное место.
 Только поддерживать печку в неработающем состоянии — это уже задача на полный рабочий день.
 То есть были бы как деньги в банке, если бы не одно обстоятельство…  Старик говорит:  — Ее завещание, ее заповедь.
 Такой запах бывает на море, в жаркий день при отливе.
 Такая вся худенькая и стройная.
 Сумочка буквально набита деньгами.
 Стройной, худенькой, с крепкими белоснежно-белыми зубами.
 Собирает деньги.
 Скорее, это был просто свист воздуха, как будто мимо пронесся невидимый автобус, чудовищный выдох — так близко, что бумажные деньги на столике перед ним всколыхнулись от ветра.
 Сижу на пластмассовом стуле, читаю старый журнал «National Geographic», вокруг сидят бабушки-дедушки, мамы с плачущими младенцами, и тут в комнату входит дяденька с каталкой для перевозки больных.
 Сестра Виджиланте встряхивает часы, чтобы все видели, как они светятся, и говорит:  — Сегодня день будет такой, какой я скажу…  Она говорит миссис Кларк:  — А теперь покажи, где включать этот чертов свет.
 Сделался бледным, как свечка на день рожденьевском торте в ясный солнечный день.
 Сделался бледным, как свечка на день рожденьевском торте в ясный солнечный день.
 Сделался бледным, как свечка на день рожденьевском торте в ясный солнечный день.
 Сдать все плюшевые игрушки, которые она покупала на деньги из фондов управления.
 Расскажите нам что-то действительно проникновенное, чтобы зрителям стало вас жалко, хотя бы чуть-чуть…      Ящик с кошмарами      Рассказ миссис Кларк   За день до того, как исчезнуть, Кассандра остригла себе ресницы.
 Просто сегодня явно не его день.
 Предложила Кассандре деньги на имплантаты.
 Почти неделю они каждый день возвращались в спальню.
 Понятно, зачем это нужно: когда нас спасут, они поведают миру о том, как мистер Уиттиер измывался над ними, отрезая по маленькому кусочку каждый день, когда они не могли предоставить ему литературный шедевр.
 По ее собственным словам, в последний день на работе пол был еще влажным после вечерней уборки.
 Они не так долго прожили в браке, и секс по-прежнему был для них удовольствием, но после первого дня съемки, единственное, что заставляло их продолжать — это мысли о деньгах.
 Она отдала Рэнду свою расшитую бисером вечернюю сумочку, где были помада и деньги «на всякий случай».
 Она говорит, что людям в большом мире приходится много работать, причем каждый день, и они все равно не получают и половины того, чего хотят.
 Оба Кларка ходили в солярий: по двадцать минут, два раза в день.
 О деньгах и о ребенке.
 Новый день наступает, когда вновь зажигается свет.
 Но стоило только об этом заговорить, как Флинт заявлял:  — Для того чтобы сделать деньги, надо сперва их потратить.
 Накануне, за день до этого, был сильный снегопад, глубина нового снежного покрова составила три фута, и снегоуборочные машины еще не добрались до гостиницы.
 На следующий день он привел в студию Терри одного галерейщика и одну коллекционершу, больших людей в мире искусства, знаменитых своими авторитетными высказываниями, периодически появляющимися в центральных журналах.
 На день рождения кого-нибудь из сотрудников она покупает имениннику торт и открытку.
 Моложавые пары в немарких темных нарядах, чтобы не испачкаться о сиденья такси.
Моложавые пары в немарких темных нарядах, чтобы не испачкаться о сиденья такси.
 Мог целый день простоять на коленях у какого-нибудь ключа, наблюдая за бурлящей коричневой пеной, обжигающей, как кислота.
 Лишь для того, чтобы поддерживать жизнь, тебе нужно съедать 1650 калорий вдень.
Лишь для того, чтобы поддерживать жизнь, мы сжигаем весь запас калорий меньше, чем задень.
 Лишние деньги — они никогда не лишние.
 Которые виделись каждый день.
 Когда ты просто лежишь в постели, изо дня в день, и вообще ничего не делаешь, тебе начинает казаться, что ты понимаешь, как должны себя чувствовать вампиры.
 Каждый день съемок, каждая реплика диалогов — это было, как билеты к экзамену.
Каждый день они просыпались с мыслью, что сегодня он их убьет, и они ничего не могли с этим сделать.
Каждый день она там.
Каждый день говорит: «Привет».
 Им меняют постельное белье раз в неделю и кормят три раза в день.
 Или его деньги.
      * * *   В тот вечер ужин был мертв, убит зловонной плесенью Офанто — никто не предпринял и попытки его устроить.
 И начальница сказала:  — Если вам от этого будет легче, считайте, что это просто презервативы на семьдесят фунтов…  В тот же день, едва Кора успела надеть на мальчика с девочкой новый наряд, детективы пошли косяком.
 И молоденький мистер Уиттиер — с его зубами, как будто не помещающимися во рту, большими оттопыренными ушами, выпученными глазами и разбухшими венами на лысом черепе — превращается в стошестнадцатилетнего старика.
 И завещает ему все деньги, которые ей причитаются с повторных показов.
 И все-таки тебе платят деньги за то, что ты инвалид.
      * * *   Сегодня вечером будут гости.
 И все эти лишние деньги он просаживает — на что?
      * * *   Тем вечером за ужином он провел мысленный эксперимент, или чувственный эксперимент: впервые посмотрел на Шехерезаду любовными глазами.
      4     Добрый вечер (ит.
 Заплатила большие деньги за хороший зубной протез.
      Как все сложилось в 1979-м     Семь часов вечера, день свадьбы Глории Бьютимэн, Кит добрался до середины четвертой партии в скрэббл — против него играет Кенрик.
 Запертый здесь, наверху, он целый день ходит в махровом купальном халате, считает деньги и говорит по телефону.
 Запертый здесь, наверху, он целый день ходит в махровом купальном халате, считает деньги и говорит по телефону.
    — Х-м-м, — говорит Глория в порядке вежливого ввода в курс дела, когда он везет ее на первую из летних вечеринок, местом проведения которой выбран роскошный «бриг-гермафродит» (двухмачтовый парусник) на реке Темзе.
 За то, что зря потратила деньги из окружного фонда, сказала Кора.
 Живя той же жизнью, каждый божий день.
    На обед были остатки с (очень далекого) прошлого вечера.
    На этом нам следует перескочить вперед, к шести тридцати вечера того же дня.
    Перед самым вечером к нему пришла третья посетительница — с чашкой чаю, поцелуем в макушку и письмом от его брата Николаса.
    Преданная партнерша, приведенная Адриано тем вечером на ужин, Нерисса, ростом была пять футов пять дюймов и всячески проявляла свои чувства.
 Если даже они, эти люди, кинозвезды и знаменитые рок-музыканты, смогли эмигрировать ради блага всего человечества… эти люди, у которых здесь было все: деньги, слава, талант… если смогли они, значит, смогут и все остальные.
 Ее собственный день рождения прошел незамеченным.
 Евин брат, Ларри, и сама Ева устроились на заднем сиденье вместе с их бостонским терьером по кличке Риски.
  — Добрый вечер, Кит.
 — Добрый вечер, Глория, — сказал он.
 Держа пастельный мелок двумя пальцами, указательным и большим — других на руке не осталось, — он рисует по палочке на каждый день, когда Сестра Виджиланте включает свет.
 Даже если она целый день не выходит из трейлера, занавесила окна и смотрит телик, я все равно наблюдаю: прячусь в своей взятой напрокат машине, припаркованной неподалеку — лежу на переднем сиденье, пристроив подушку к дверце с пассажирской стороны.
 Даже если она целый день не выходит из трейлера, занавесила окна и смотрит телик, я все равно наблюдаю: прячусь в своей взятой напрокат машине, припаркованной неподалеку — лежу на переднем сиденье, пристроив подушку к дверце с пассажирской стороны.
 Даже если народ воспринимает все это как шоу менестрелей, они все равно платят деньги, чтобы ударить его по лицу.
 Да, это была мастерская работа великого Леонардо да Винчи, но не такое уж дивное диво, чтобы убивать на него целый день в длинной очереди в Париже, во Франции.
 Да, там точно такая же «шахматная» черно-белая плитка по полу, и подходящий по цвету полосатый навес над входом, и туда тоже приходят толковые люди, чтобы вложить деньги в искусство, но это другая, вымышленная, «понарошковая» галерея.
 Да, он делает деньги масштабно, но эти масштабы снижают ценность его ранних работ.
 Да, мы понимали, что это выглядит как рискованная и безумная авантюра, которая обязательно обернется крупными неприятностями, но, с другой стороны… это выглядело как рискованная и безумная авантюра, которая может обернуться большими деньгами  Мы все сидим молча, но мысленно приказываем Мисс Апчхи: Кашляй.
  — Не могу представить — не могу поверить, что я вчера вечером вела себя прямо как настоящая ведьма.
 Головой вперед, молотя руками-ногами в воздухе, с заднего сиденья вылетает голая девушка и падает на тротуар.
 Говорит, что если ты свободна и хочешь заработать хорошие деньги, наличкой, можно устроить массаж в четыре руки ее следующему клиенту.
  — Она считает, завтра вечером.
 Всех железнодорожных кондукторов и официанток, которые хоть раз в жизни брали недельный отпуск, чтобы пожить на природе в кемпинге; в один прекрасный, удачный день товарный поезд слишком быстро влетит в поворот и сойдет с рельсов, или ты поскользнешься на пролитом молочном коктейле, и все — можно жить полной жизнью, поселившись поблизости от какой-нибудь безымянной гравиевой дороги.
 Всей мебели — только стул с заляпанным грязным сиденьем.
 Все эти деньги, до последнего пенни, будут распределяться по организациям, которые она назовет.
 Все происходит так быстро, что они понимают, что произошло, только на следующий день, когда об этом уже написали в газетах.
  — Сегодня вечером есть выбор — мясо или рыба.
 Все его деньги хранятся в банке, приносят доход.
 Все деньги.
 Весь день он сидит со своим десятикнопочным калькулятором и проверяет счета.
  — Этот ранний уход, — сказал Уиттэкер вслед за лязгом тяжелой, но далекой двери, — омрачит наш вечер.
 В тот день я возился с машиной.
В тот день они оба расплакались и признались, что никогда и не думали, что их дочь сможет так хорошо зарабатывать, растирая чужие вонючие ноги.
В тот день в магазине работал только кассир, а Клер была единственной покупательницей.
 В такой-то кофейне, в такое-то время, в такой-то день.
 В один прекрасный, солнечный день, уже очень скоро, нас полюбит весь мир.
В один жаркий солнечный день она чуть ли не на руках таскает его морщинистую полуголую тушку наверх, на водяную горку — раз за разом, полдня.
  Было четверть девятого вечера, и он стоял в душе в той, исполненной значения ванной.
  В вечернем пиджаке, в бежевом джемпере, Йоркиль, недолго пораздражавшись и понажимав плечом, справился и освободил стеклянную дверь.
  В среду вечером наверху, в башенке, Юпитера с Юноной и след простыл.
  В ту пятницу, вечером, Твидлдам занимался сексом с Твидлди.
 Бог на работе — и ангелам нужно как-то убить целый день.
 Блондинка говорит:  — Ваша мама, она очень красивая… Его мама… Он говорит: эти колготки, «Надень и худей», в них, наверное, содержался асбест.
  Два вечера назад Адриано прибыл на ужин вертолетом.
 Безо всякой питательной ценности…  Это был день, когда мы пропустили наш последний рассвет.
  День на работе выдался скучный (август), и я решил оживить вечер фильмом с элементами насилия.
  Днем он походил на неуклюжего фермера-джентльмена (твил, трилби, твид, трость для прогулок); вечером он походил на неуклюжего фермера-джентльмена в смокинге (его неизменный туалет для ужина).
 А ты теперь постоянно переезжаешь из одной ночлежки в другую и «делаешь ноги» прямо на улице, чтобы у тебя были деньги на жизнь.
  Еще не пробило и одиннадцати, но вечер начал подходить к концу.
 А за эти надгробия магазины садовых товаров в больших городах давали хорошие деньги.
 А для этого им нужны деньги.
 — Она говорит: — Вот увидишь: такого у тебя еще не было, чтобы так легко заработать деньги.
  Киту представилась Ашраф — мусульманка дискотек и мини-юбок, мусульманка в клевых трусах, по вечерам пившая «Чивас Ригал».
 — Встречался с молоденькой женщиной.
  Один вечер в неделю Дэвид брал Паулу домой к своим родителям.
  Чтобы не забыть, как улыбаться, Тесс и Нельсон по очереди говорили друг другу, что они сделают со своими деньгами.
  Она все уходит и возвращается, снова и снова, и все-таки в тот вечер она рассказывает ему многое.
  Позавчера вечером я водил Вайолет на вечеринку у Сью с Марком.
  Позавчера вечером я водил Вайолет на вечеринку у Сью с Марком.
  Трейси по-прежнему занималась на велотренажере, почти каждый день.
  Только-только мобилизовавшись из армии, мы не знали, как еще заработать такие деньги.
  Только не смейтесь, но эта женщина — Лентил, твоя старая подруга, — она снимает с руки свою сумочку, с мехового пушистого рукава, открывает ее, и внутри лежат деньги.
  Сегодня вечером их ждали фруктовые коктейли, представление (она обожала представления, а у него были хорошие билеты на «Друга детства»), затем ужин в «Трейдер-вик».
 Только не смейтесь, но у тебя совершенно нет времени бегать по магазинам и тратить деньги.
  Тем вечером за ужином Кит пристально наблюдал за ним — деревенским дурачком в вечернем костюме.
  Тем вечером за ужином Кит пристально наблюдал за ним — деревенским дурачком в вечернем костюме.
  Такой ты хочешь запомнить ее, Анжелику, а не такой, какой она была на фотографии в газете на следующий день, когда ее тело в промокшей норковой шубе выудили из реки.
  Студия не зря тратит время и деньги.
  Стены в холле, обставленном в стиле итальянского ренессанса, затянуты атласом, таким же блекло-зеленым, как и в тот, невообразимо далекий день, когда мы впервые вошли в это здание.
  Согласно короткой заметке в газете на следующий день, ее звали Тереза Уилер.
 —  И мне прийти велит  На вечерю: — Насыться хлебом сим!
  Сейчас, говорит она, если ты при деньгах, ты заседаешь в руководящем комитете оперного театра.
  Пройдет еще день, и мозг Кассандры запузырится и потечет красно-коричневой жижей из носа и ушей.
  После этого Ларри каждый день ездил в город и собирал обезболивающие препараты в брошенных аптеках.
  Полиция находит его на следующий день.
 — Оно было у меня при себе вчера вечером.
  Отец не учился в университете, но зато он умел делать деньги.
  Она вся — живое воплощение неподвижности — сидит, даже не шелохнется, пока целый штат опытных специалистов занимается ею — и только ею, — за большие деньги.
  Он, этот дяденька, говорит, чтобы я легла на каталку.
 — двадцать вечеров наедине с Шехерезадой.
  Он говорит, что читателям не нужна история про очаровательного и талантливого ребенка, который снимался на телевидении, сделал на этом большие деньги, а потом жил долго и счастливо, и до сих пор живет долго и счастливо.
 — спросил он Лили тем вечером в салоне.
— спросил он Сильвию как-то поздно вечером.
  Ныне, и присно, и во веки веков,  каждый день:  Пользуйся контрацептивами.
 А Йорка не будет до самого вечера.
  Не стоило тратить усилий на то, чтобы начинать пить или высчитывать длину шланга, чтобы он дотянулся от выхлопной трубы до окна у водительского сиденья.
  На третий день она встала с постели, только чтобы сходить в туалет.
 На третий день моя бабушка идет в поликлинику при больнице: у нее начались жуткие головные боли, так что темнеет в глазах, и все, что ее окружает, как будто обведено черным ободком.
 На третий день миссис Кларк едет в центр.
  На следующий день, когда Кора пришла на работу, никто не видел, как она проскользнула в комнату для хранения вещественных доказательств.
 На следующий день половина ребят из моего класса обращаются к медсестре, просят тот самый аспирин со вкусом апельсина.
 На следующий день к нему в студию пришел человек.
 На следующий день детектив входит, таща девочку за волосы.
 На следующий день Реймон не приходит в школу.
  На следующей остановке Святой Без-Кишок открыл двери, и вверх по ступенькам взлетел кошак, и побежал по проходу между сиденьями.
  Мы воюем, воюем, воюем… оружием, словом, деньгами.
  Моя учительница английского, мисс Фрасур, читает в классе мое сочинение и хвалит меня перед всеми, а на следующий день приходит на урок в темных очках.
 Большую часть вечера Кит пробеседовал с ее матерью и теперь находился в положении (расправленные веером карты Шехерезады торчали в шести дюймах от его подбородка), откуда было прекрасно видно, что такое юность.
  Ларри кормил Риски сырным попкорном, и все сиденье между ним и сестрой было усыпано ярко-оранжевой крошкой.
  Как-то вечером, по дороге обратно в мотель, уже после того, как почти весь макияж Вебера с Флинтом осыпался на асфальтобетон перед входом на Выставку охотничьего оружия и амуниции западных штатов, Вебер, сидящий на переднем сиденье, подправляет зеркало заднего вида и внимательно изучает свое лицо.
  Как правило, все это занимает 61 день.
  Каждый раз, когда полиция находила тело молоденькой девушки, которое нельзя было опознать: сожженное, разложившееся или изувеченное до полной неузнаваемости, — у миссис Кларк замирало сердце, пока анализ ДНК или снимки зубов не показывали, что это не Кассандра.
 В тот вечер накануне моего дня рождения.
  Каждый день Евин папа возвращался домой с работы и рассказывал, кто еще из сотрудников его фирмы ушел навсегда.
В тот вечер, гуляя по Лондону, им с Вайолет надо было что-то найти.
 Каждый день — тот же маршрут, та же мантра из убийств, кинозвезд и несчастных случайностей.
  И это все для того, чтобы погасить только проценты по долгу, по тем деньгам, которыми тебя ссудил Ленни со своей русской мафией.
 Взрослые мужчина и женщина по вечерам пьют шипучку.
 Видишь ли, Лили, я, честно говоря, довольно сильно разочарован тем, как все сложилось сегодня вечером.
  И ни одна жена даже не подозревает, что это — такое же заражение, какое бывает от сиденья унитаза, только оно происходит от резиновой куклы.
  И все же закон подлости действует неизменно: можно весь день тюрнировать молодую морковь, чтобы получились оранжевые шарики безупречной формы, и запороть за весь день только одну, но эта испорченная морковь непременно попадет на тарелку какого-нибудь несостоявшегося поваренка, ничтожества с дипломом об окончании кулинарных курсов, просто никчемной бумажкой, который теперь мнит себя ресторанным критиком.
  И Флинт говорит:  — Ну, пусть будет десятка…  Но народ жмется: деньги можно потратить на что-нибудь более стоящее.
  И Риски, бостонский терьер, облевывает все сиденье сырным попкорном.
 Выпить любила и дала в первый же вечер.
  Заголовки в газетах на следующий день:  «Известный издатель и генеральный директор текстильной корпорации зверски зарезаны прямо на улице».
  За этот день тебе придется расплачиваться всю оставшуюся жизнь.
 Да только Кит, уже пятый раз подряд, терпел страшные мучения на шахматной доске; да только Тимми тем же летом получил диплом с отличием в Кембриджском университете; да только эти его длинные пальцы прошлым вечером носились и извивались по стволу его виолончели, в то время как другая рука выпиливала до невозможности страдальческую фугу (композитор — И.
  Дядя, который рассказывал эту историю, говорил, что расстрелы происходили каждый день, и каждый день дядьки оттаскивали мертвых в яму — дырки у них на одежде еще сочились теплой кровью, — а расстрельная команда ждала следующей партии заключенных, приговоренных к смерти.
  Дядя, который рассказывал эту историю, говорил, что расстрелы происходили каждый день, и каждый день дядьки оттаскивали мертвых в яму — дырки у них на одежде еще сочились теплой кровью, — а расстрельная команда ждала следующей партии заключенных, приговоренных к смерти.
  Другие ребята, которые тоже сейчас летят, каждый — к заданной цели, остается только догадываться, как они заработали свои деньги.
  День, когда ты вручила им ключ от этой квартиры, — это был самый счастливый день в твоей жизни.
  Девушка, что продавала колготки «Надень и худей».
 Ей было дозволено принимать меня у себя в комнате, что она и делала чуть ли не каждый вечер (с шести тридцати до девяти) на протяжении почти двух месяцев.
  Вы садитесь в такси, на заднее сиденье, и женщина дает швейцару двадцатку.
  Все сиденье ее кресла потемнело.
  Весь день, с полудня до вечера, я просидел на корточках, прячась в кустах на холме за трейлером Сары Брум и прихлопывая'комаров.
  В тот последний хороший день моей жизни мы с папой доехали до Денвера, штат Колорадо, где он знал один магазинчик, торгующий всякими антикварными штуками для украшения сада.
  В тот же день Кора купила тюбик суперклея.
 В тот день, когда Нельсон Кларк встал с постели и упаковал камеру и прожекторы, чтобы отвезти их обратно в прокат, — в тот день он уже не вернулся домой.
 В тот день, когда Нельсон Кларк встал с постели и упаковал камеру и прожекторы, чтобы отвезти их обратно в прокат, — в тот день он уже не вернулся домой.
 В тот день мисс Фрасур пришла в школу в последний раз.
 В тот день в кофейне, когда мы впервые встретились лично, вокруг были все те же лица — только тогда нас было в три раза больше… почти толпа.
  В ее первый день в качестве присяжной.
  В другой день, ближе к ночи, я беру Скипа с собой и выхожу на рискованную прогулку по микрорайону.
  В версии, которую мы продадим за большие деньги, он уже не жилец.
  Была еще одна очень большая проблема: родители заплатили за этот бассейн немалые деньги.
  Берег реки в ясный, солнечный день, на заднем плане — сосновый лес.
  А совсем недавно, три года назад, молоденький мальчик из Парк-Сити, Вайоминг, приехал к источникам на машине.
 Ибо каждое утро Вайолет, пройдя по планке, шла дальше, в город, где подцепляла в пабах мужчин, а возвращалась ранним вечером в разной степени раздетости и недееспособности, и ее надо было купать и кормить.
  А не то, где он брал деньги на жизнь.
  А на следующий день кто-то из детективов спросил, не найдется ли у Коры лишнего лезвия?
  А еще через день, девочку с мальчиком вернули «вскрытыми».
  А деньги?
  — Сегодня, — говорит Хваткий Сват, — будет длинный день.
  — Помнишь ту девушку, что продавала колготки «Надень и худей»?
 Как и предыдущим вечером.
  — Однажды это случится, — говорит миссис Кларк, — и тогда, буквально в одно мгновение, на тебя вдруг навалится такая тяжесть, как будто ты прожил на свете лет на сто больше, чем нужно…  Четыре дня они просто лежали в постели, и на пятый день уже были готовы поклясться, что живут целую вечность.
 Как-то вечером Сильвия сказала, что Европе году примерно к 2110-му суждено стать континентом, в основном населенным мусульманами.
  — Когда ты просто лежишь в постели, изо дня в день, — говорит миссис Кларк, — ты понимаешь, что вампиров убивают не деревянные колья.
 Когда он в тот вечер говорил о политизации лифчиков.
    Ее первый день ко скамье присяжных, слушается очередное дело: мужчина, споткнувшийся о бордюр, предъявляет иск владельцу роскошной машины, на которую налетел.
 Когда они прощались в тот вечер, вечер поцелуя, она сказала: «Знаешь, я рада, что это произошло с хорошим парнем».
 Когда они прощались в тот вечер, вечер поцелуя, она сказала: «Знаешь, я рада, что это произошло с хорошим парнем».
    — И тогда, — говорит Сестра Виджиланте, в первый свой день на скамье присяжных, — я сказала судье:  Что-то вроде:  — Какой же херней мы тут все занимаемся.
     Не каждый день был исполнен ужаса.
 Который весь вечер рассказывал про годы, проведенные в морских странствиях (все они прошли в трюме траулера в Северном море за потрошением рыбы).
 Не будет ни рыжего пса, ни четверенек с Шехерезадой, ни гоночного демона; сегодня вечером не будет.
асов в кабине пилота (столько профессиональный летчик может налетать на протяжении всей своей карьеры), в то же время он прочитывал каждое утро 350 газет и всегда, каждый день, находил время на пятиборье, включающее в себя интенсивные упражнения, а каждый вечер — на длительную интерлюдию наедине со скрипкой.
 Ну да, вечер, ничем не выделяющийся из прочих.
 Ну, ладно, давай… Дома у Дилькаш родители по вечерам пили шипучку.
 Одетый в вечерний костюм Кит Ниринг открывает пассажирскую дверцу и протягивает руку к одетой в китайское платье Глории Бьютимэн.
Один вечер в неделю Сильвия приходила с Паулой в дом над Хэмстед-хитом.
 Однажды вечером оно возьмет и выскочит.
 Он у нее заночевал после одной вечеринки, а она пришла пожелать спокойной ночи.
 Она обладала особыми способностями, которые продемонстрировала раза три-четыре родственникам и прочим гостям, а однажды на вечеринке (студенты, университетская публика, профессора социологии и истории) — ко всеобщему восхищению и под аплодисменты.
 По-моему, у меня то, что было у тебя вчера вечером.
 Полчаса в одиночестве за столиком с книгой — это тоже составляло часть его вечера.
 Приходи на летние вечеринки.
 Сегодня вечером они устраивают праздничный ужин по случаю недавно прошедшего дня рождения Кита.
Сегодня вечером шекспировский бал.
 Скоро две вечеринки на работе должны быть.
 Слушай, извини за то, что я сказал тем вечером.
 Спустя восемь месяцев мы с Арном как-то вечером возвращаемся к нему, а они нас на улице ждут.
 Тем вечером Кит продолжал посматривать на небо, вероятно понимая, что в последнее время не баловал его вниманием.
 Теперь у Кита была ссуда на внушительных размеров квартирку в Ноттинг-хилле, ездил он на немецкой машине, одет был — тем вечером — в шарф и пальто черного кашемира.
 Теперь этот мудак, подозреваю, накинет свой вечерний костюм прямо на пропотевший джемпер.
 Тут следует заметить, что на той неделе я два дня подряд занимался вечерними новостями (Вьетнам).
 Тут эта новая чувиха в квартиру въехала, я ее сегодня вечером веду ужинать.
 Ты бы, девка, это скинула как-нибудь вечерком, дала б нам всем поглазеть.
 Ты видела, как она вчера вечером с гусем управлялась?
 Ты завтра вечером, от шести тридцати до восьми, свободен?
 Ты хоть раз слышал, чтобы она назвала Импи Импи — в тот вечер за ужином, весь следующий день?
 Шехерезада сказала:  — В тот вечер — почему граф не поцеловал меня в тот вечер?
 Шехерезада сказала:  — В тот вечер — почему граф не поцеловал меня в тот вечер?
Шехерезада сказала:  — Я думала, в один прекрасный вечер я внезапно расслаблюсь и тогда посмотрим, как у нас пойдет дело.
 своей сестрой Энн — самая жалкая и болезненная из возможных комбинаций: Эмили умерла в тридцать, а Энн («Агнес Грей») умерла в двадцать девять… Кит занимался любовью с Лили — какое-никакое, но все-таки выступление, повторить каковое он поклялся в четверг вечером и в пятницу вечером.
 самая жалкая и болезненная из возможных комбинаций: Эмили умерла в тридцать, а Энн («Агнес Грей») умерла в двадцать девять… Кит занимался любовью с Лили — какое-никакое, но все-таки выступление, повторить каковое он поклялся в четверг вечером и в пятницу вечером.
 Это начало повторяться едва ли не через вечер.
 Это случилось прошлым вечером.
 Я говорил Шехерезаде: сегодня вечером ты идешь в город.
 Я прочел его вчера вечером.
 Я слышал, ты нюхала кокаин в какой-то ванной на вечеринке.
[46]  Будут ли сегодня вечером карты?
» Кит понимал, что шансов на успех не намного больше, чем на космическое явление всесильного существа прямо сегодня вечером.
      Глава двадцать девятая     В полицейском протоколе не сказано, какой теплой была моя жена Джина в то утро.
  А потом, в первое утро на новом месте, они спускаются вниз, и вот оно, нацарапано на дубовом паркете:  УБИРАЙТЕСЬ  Одни хозяева делают вид, что это шутка кого-нибудь из приятелей.
  В газетах написано, что фотомодель и манекенщица по имени Денни Д'Тестро была найдена мертвой у себя в квартире сегодня утром.
  В то утро я себя чувствовал Самым счастливым человеком на свете.
  Миллион человек посмотрят какое-нибудь телешоу, а наутро они все умрут, потому что посреди программы была реклама.
  Мой первый реальный ребенок был в сентябре, в понедельник утром.
  Мона говорит, вытаскивая у меня из ноги дверную раму:  — Как раз сегодня утром Элен мне сказала, что может так получиться, что ей придется тебя убить.
  На следующее утро, в девять часов, горничная обнаружила их обоих мертвыми.
  Очередной новый хозяин на телефоне — это вовсе не то, что нужно нашей героине, Элен Гувер Бойль, в это конкретное утро.
  Тот парень, который свалился здесь, в баре, сегодня утром, парень с бачками и сотовым телефоном, — смерть безо всякой видимой причины.
 — Я говорю: — А утром тогда поговорим.
 А наутро детей нашли мертвыми.
А наутро ты просыпаешься, а твоя семья — нет.
 Большинство малышей умирают у себя в кроватках между полуночью и ранним утром, но ребенок может умереть и когда спит в постели с родителями.
 Малейший повод к раздражению — и на следующее утро пациента находили мертвым.
 Но утроенная мощность не приносит тебе победы.
 Перламутровая отделка и золоченая бронза.
 Сегодня утром я обнаружил на потолке пятно.
Сегодня утром, в машине, я попросил Мону посмотреть, что у меня с ногой.
 как мы увидели Патрика в то утро.
