C51 COMPILER V9.50a   MEMC                                                                 12/11/2015 18:50:09 PAGE 1   


C51 COMPILER V9.50a, COMPILATION OF MODULE MEMC
OBJECT MODULE PLACED IN memc.OBJ
COMPILER INVOKED BY: C:\Keil\C51\BIN\C51.EXE memc.c BROWSE DEBUG OBJECTEXTEND TABS(2)

line level    source

   1            #include  <reg51.h>
   2          char x;   //переменная в регистровой памяти данных, имя переменной подразумевает значения
   3          char  code y[ ]= "123"; //символьная константа в программной памяти
   4          char  xdata yy[8]; //результат преобразования в расширенной памяти
   5          
   6          main()
   7            {      char i;  //переменная в регистровой памяти
   8   1                        x=0; 
   9   1              for (i=0; i<3; i++)      //перевод в двоичную
  10   1       x=x*10+(y[i]&0x0f);                     
  11   1              for(i=7;i>=0; i--)     // преобразование в символы
  12   1                                   {  yy[i]= (x&0x01) ? '1' : '0';
  13   2                                            x=x>>1; }
  14   1              while(1); //динамический останов
  15   1               }
  16          


MODULE INFORMATION:   STATIC OVERLAYABLE
   CODE SIZE        =     87    ----
   CONSTANT SIZE    =      4    ----
   XDATA SIZE       =      8    ----
   PDATA SIZE       =   ----    ----
   DATA SIZE        =      1    ----
   IDATA SIZE       =   ----    ----
   BIT SIZE         =   ----    ----
END OF MODULE INFORMATION.


C51 COMPILATION COMPLETE.  0 WARNING(S),  0 ERROR(S)
